<?xml version="1.0" encoding="UTF-8"?>
<testsuites name="jest tests" tests="2" failures="0" errors="0" time="1.99">
  <testsuite name="undefined" errors="0" failures="0" skipped="0" timestamp="2023-11-02T02:01:27" time="1.361" tests="1">
    <testcase classname=" topbar component" name=" topbar component" time="0.011">
    </testcase>
  </testsuite>
  <testsuite name="undefined" errors="0" failures="0" skipped="0" timestamp="2023-11-02T02:01:28" time="0.408" tests="1">
    <testcase classname=" test arr" name=" test arr" time="0.002">
    </testcase>
  </testsuite>
</testsuites>