<?xml version="1.0" encoding="UTF-8"?>
<testsuites name="jest tests" tests="2" failures="0" errors="0" time="5.288">
  <testsuite name="undefined" errors="0" failures="0" skipped="0" timestamp="2023-11-10T14:26:11" time="4.038" tests="1">
    <testcase classname=" test arr" name=" test arr" time="0.009">
    </testcase>
  </testsuite>
  <testsuite name="Test App component" errors="0" failures="0" skipped="0" timestamp="2023-11-10T14:26:12" time="4.552" tests="1">
    <testcase classname="Test App component Match snapshot of app" name="Test App component Match snapshot of app" time="0.019">
    </testcase>
  </testsuite>
</testsuites>